Determining if the pthread_create exist failed with the following output:
Change Dir: /home/nahijr/Bureau/Devoir3/build/CMakeFiles/CMakeTmp

Run Build Command:"/usr/bin/make" "cmTC_2482a/fast"
/usr/bin/make -f CMakeFiles/cmTC_2482a.dir/build.make CMakeFiles/cmTC_2482a.dir/build
make[1] : on entre dans le répertoire « /home/nahijr/Bureau/Devoir3/build/CMakeFiles/CMakeTmp »
Building C object CMakeFiles/cmTC_2482a.dir/CheckSymbolExists.c.o
/usr/bin/cc    -o CMakeFiles/cmTC_2482a.dir/CheckSymbolExists.c.o   -c /home/nahijr/Bureau/Devoir3/build/CMakeFiles/CMakeTmp/CheckSymbolExists.c
Linking C executable cmTC_2482a
/usr/bin/cmake -E cmake_link_script CMakeFiles/cmTC_2482a.dir/link.txt --verbose=1
/usr/bin/cc      -rdynamic CMakeFiles/cmTC_2482a.dir/CheckSymbolExists.c.o  -o cmTC_2482a 
CMakeFiles/cmTC_2482a.dir/CheckSymbolExists.c.o : Dans la fonction « main » :
CheckSymbolExists.c:(.text+0x1b) : référence indéfinie vers « pthread_create »
collect2: error: ld returned 1 exit status
CMakeFiles/cmTC_2482a.dir/build.make:97 : la recette pour la cible « cmTC_2482a » a échouée
make[1]: *** [cmTC_2482a] Erreur 1
make[1] : on quitte le répertoire « /home/nahijr/Bureau/Devoir3/build/CMakeFiles/CMakeTmp »
Makefile:126 : la recette pour la cible « cmTC_2482a/fast » a échouée
make: *** [cmTC_2482a/fast] Erreur 2

File /home/nahijr/Bureau/Devoir3/build/CMakeFiles/CMakeTmp/CheckSymbolExists.c:
/* */
#include <pthread.h>

int main(int argc, char** argv)
{
  (void)argv;
#ifndef pthread_create
  return ((int*)(&pthread_create))[argc];
#else
  (void)argc;
  return 0;
#endif
}

Determining if the function pthread_create exists in the pthreads failed with the following output:
Change Dir: /home/nahijr/Bureau/Devoir3/build/CMakeFiles/CMakeTmp

Run Build Command:"/usr/bin/make" "cmTC_e9d20/fast"
/usr/bin/make -f CMakeFiles/cmTC_e9d20.dir/build.make CMakeFiles/cmTC_e9d20.dir/build
make[1] : on entre dans le répertoire « /home/nahijr/Bureau/Devoir3/build/CMakeFiles/CMakeTmp »
Building C object CMakeFiles/cmTC_e9d20.dir/CheckFunctionExists.c.o
/usr/bin/cc   -DCHECK_FUNCTION_EXISTS=pthread_create   -o CMakeFiles/cmTC_e9d20.dir/CheckFunctionExists.c.o   -c /usr/share/cmake-3.9/Modules/CheckFunctionExists.c
Linking C executable cmTC_e9d20
/usr/bin/cmake -E cmake_link_script CMakeFiles/cmTC_e9d20.dir/link.txt --verbose=1
/usr/bin/cc  -DCHECK_FUNCTION_EXISTS=pthread_create    -rdynamic CMakeFiles/cmTC_e9d20.dir/CheckFunctionExists.c.o  -o cmTC_e9d20 -lpthreads 
/usr/bin/ld : ne peut trouver -lpthreads
collect2: error: ld returned 1 exit status
CMakeFiles/cmTC_e9d20.dir/build.make:97 : la recette pour la cible « cmTC_e9d20 » a échouée
make[1]: *** [cmTC_e9d20] Erreur 1
make[1] : on quitte le répertoire « /home/nahijr/Bureau/Devoir3/build/CMakeFiles/CMakeTmp »
Makefile:126 : la recette pour la cible « cmTC_e9d20/fast » a échouée
make: *** [cmTC_e9d20/fast] Erreur 2


